#
# There is insufficient memory for the Java Runtime Environment to continue.
# Native memory allocation (mmap) failed to map 65536 bytes for Failed to commit area from 0x000002177c180000 to 0x000002177c190000 of length 65536.
# Possible reasons:
#   The system is out of physical RAM or swap space
#   The process is running with CompressedOops enabled, and the Java Heap may be blocking the growth of the native heap
# Possible solutions:
#   Reduce memory load on the system
#   Increase physical memory or swap space
#   Check if swap backing store is full
#   Decrease Java heap size (-Xmx/-Xms)
#   Decrease number of Java threads
#   Decrease Java thread stack sizes (-Xss)
#   Set larger code cache with -XX:ReservedCodeCacheSize=
# This output file may be truncated or incomplete.
#
#  Out of Memory Error (./src/hotspot/os/windows/os_windows.cpp:3303), pid=2632, tid=14444
#
# JRE version:  (11.0.7+10) (build )
# Java VM: OpenJDK 64-Bit Server VM (11.0.7+10-b765.64, mixed mode, sharing, tiered, compressed oops, g1 gc, windows-amd64)
# No core dump will be written. Minidumps are not enabled by default on client versions of Windows
#

---------------  S U M M A R Y ------------

Command Line: org.jetbrains.git4idea.http.GitAskPassApp Username for 'https://github.com': 

Host: Intel(R) Core(TM) i5-8300H CPU @ 2.30GHz, 8 cores, 7G,  Windows 10 , 64 bit Build 18362 (10.0.18362.959)
Time: Mon Sep  7 18:36:45 2020 ?D1¨²¡À¨º¡Á?¨º¡À?? elapsed time: 0 seconds (0d 0h 0m 0s)

---------------  T H R E A D  ---------------

Current thread (0x000002177508f800):  JavaThread "Unknown thread" [_thread_in_vm, id=14444, stack(0x00000044dbd00000,0x00000044dbe00000)]

Stack: [0x00000044dbd00000,0x00000044dbe00000]
Native frames: (J=compiled Java code, j=interpreted, Vv=VM code, C=native code)
V  [jvm.dll+0x5dda4a]
V  [jvm.dll+0x711595]
V  [jvm.dll+0x712aed]
V  [jvm.dll+0x7131a3]
V  [jvm.dll+0x23e368]
V  [jvm.dll+0x5daf04]
V  [jvm.dll+0x5d0085]
V  [jvm.dll+0x2fb0cb]
V  [jvm.dll+0x2fb03a]
V  [jvm.dll+0x2faf12]
V  [jvm.dll+0x2fff05]
V  [jvm.dll+0x3483b7]
V  [jvm.dll+0x348a96]
V  [jvm.dll+0x348493]
V  [jvm.dll+0x2d59e8]
V  [jvm.dll+0x2d6b87]
V  [jvm.dll+0x6f04e7]
V  [jvm.dll+0x6f1cdc]
V  [jvm.dll+0x355909]
V  [jvm.dll+0x6d42ae]
V  [jvm.dll+0x3bda13]
V  [jvm.dll+0x3bfc51]
C  [jli.dll+0x5363]
C  [ucrtbase.dll+0x20e82]
C  [KERNEL32.DLL+0x17bd4]
C  [ntdll.dll+0x6ce51]


---------------  P R O C E S S  ---------------

Threads class SMR info:
_java_thread_list=0x0000021772e65c50, length=0, elements={
}

Java Threads: ( => current thread )

Other Threads:
  0x00000217750a6800 GCTaskThread "GC Thread#0" [stack: 0x00000044dbe00000,0x00000044dbf00000] [id=11092]
  0x00000217750d8000 ConcurrentGCThread "G1 Main Marker" [stack: 0x00000044dbf00000,0x00000044dc000000] [id=13692]
  0x00000217750db000 ConcurrentGCThread "G1 Conc#0" [stack: 0x00000044dc000000,0x00000044dc100000] [id=9896]

[error occurred during error reporting (printing all threads), id 0xc0000005, EXCEPTION_ACCESS_VIOLATION (0xc0000005) at pc=0x00007ffa7ed25fc7]

VM state:not at safepoint (not fully initialized)

VM Mutex/Monitor currently owned by a thread:  ([mutex/lock_event])
[0x000002177508d9e0] Heap_lock - owner thread: 0x000002177508f800

Heap address: 0x0000000081e00000, size: 2018 MB, Compressed Oops mode: Non-zero based: 0x0000000081e00000
Narrow klass base: 0x0000000000000000, Narrow klass shift: 0

GC Heap History (0 events):
No events

Deoptimization events (0 events):
No events

Classes redefined (0 events):
No events

Internal exceptions (0 events):
No events

Events (2 events):
Event: 0.006 Loaded shared library E:\IDEA\IntelliJ IDEA 2020.1.3\jbr\bin\zip.dll
Event: 0.006 Loaded shared library E:\IDEA\IntelliJ IDEA 2020.1.3\jbr\bin\jimage.dll


Dynamic libraries:
0x00007ff7293e0000 - 0x00007ff7293ea000 	E:\IDEA\IntelliJ IDEA 2020.1.3\jbr\bin\java.exe
0x00007ffadce60000 - 0x00007ffadd050000 	C:\WINDOWS\SYSTEM32\ntdll.dll
0x00007ffadaf50000 - 0x00007ffadb002000 	C:\WINDOWS\System32\KERNEL32.DLL
0x00007ffad9fa0000 - 0x00007ffada244000 	C:\WINDOWS\System32\KERNELBASE.dll
0x00007ffada460000 - 0x00007ffada55a000 	C:\WINDOWS\System32\ucrtbase.dll
0x00007ffa7f6f0000 - 0x00007ffa7f709000 	E:\IDEA\IntelliJ IDEA 2020.1.3\jbr\bin\jli.dll
0x00007ffac5140000 - 0x00007ffac5157000 	E:\IDEA\IntelliJ IDEA 2020.1.3\jbr\bin\VCRUNTIME140.dll
0x00007ffadc9b0000 - 0x00007ffadcb45000 	C:\WINDOWS\System32\USER32.dll
0x00007ffada430000 - 0x00007ffada451000 	C:\WINDOWS\System32\win32u.dll
0x00007ffadb4a0000 - 0x00007ffadb4c6000 	C:\WINDOWS\System32\GDI32.dll
0x00007ffad9de0000 - 0x00007ffad9f76000 	C:\WINDOWS\System32\gdi32full.dll
0x00007ffada690000 - 0x00007ffada72e000 	C:\WINDOWS\System32\msvcp_win.dll
0x00007ffac6840000 - 0x00007ffac6ac4000 	C:\WINDOWS\WinSxS\amd64_microsoft.windows.common-controls_6595b64144ccf1df_6.0.18362.1016_none_9e7a36bbe461dae4\COMCTL32.dll
0x00007ffadcd80000 - 0x00007ffadce1e000 	C:\WINDOWS\System32\msvcrt.dll
0x00007ffadb580000 - 0x00007ffadb8b5000 	C:\WINDOWS\System32\combase.dll
0x00007ffadb9f0000 - 0x00007ffadbb10000 	C:\WINDOWS\System32\RPCRT4.dll
0x00007ffada610000 - 0x00007ffada690000 	C:\WINDOWS\System32\bcryptPrimitives.dll
0x00007ffadaf10000 - 0x00007ffadaf3e000 	C:\WINDOWS\System32\IMM32.DLL
0x00007ffa94d00000 - 0x00007ffa94d9d000 	E:\IDEA\IntelliJ IDEA 2020.1.3\jbr\bin\msvcp140.dll
0x00007ffa7ea40000 - 0x00007ffa7f4fb000 	E:\IDEA\IntelliJ IDEA 2020.1.3\jbr\bin\server\jvm.dll
0x00007ffadbbf0000 - 0x00007ffadbc93000 	C:\WINDOWS\System32\ADVAPI32.dll
0x00007ffadb240000 - 0x00007ffadb2d7000 	C:\WINDOWS\System32\sechost.dll
0x00007ffadc1c0000 - 0x00007ffadc1c8000 	C:\WINDOWS\System32\PSAPI.DLL
0x00007ffac4820000 - 0x00007ffac4829000 	C:\WINDOWS\SYSTEM32\WSOCK32.dll
0x00007ffad7480000 - 0x00007ffad74a4000 	C:\WINDOWS\SYSTEM32\WINMM.dll
0x00007ffad2070000 - 0x00007ffad207a000 	C:\WINDOWS\SYSTEM32\VERSION.dll
0x00007ffadc230000 - 0x00007ffadc29f000 	C:\WINDOWS\System32\WS2_32.dll
0x00007ffad7450000 - 0x00007ffad747d000 	C:\WINDOWS\SYSTEM32\winmmbase.dll
0x00007ffada730000 - 0x00007ffada77a000 	C:\WINDOWS\System32\cfgmgr32.dll
0x00007ffad9d20000 - 0x00007ffad9d31000 	C:\WINDOWS\System32\kernel.appcore.dll
0x00007ffad2750000 - 0x00007ffad2761000 	E:\IDEA\IntelliJ IDEA 2020.1.3\jbr\bin\verify.dll
0x00007ffad8630000 - 0x00007ffad8824000 	C:\WINDOWS\SYSTEM32\DBGHELP.DLL
0x00007ffac0fd0000 - 0x00007ffac0ffa000 	C:\WINDOWS\SYSTEM32\dbgcore.DLL
0x00007ffa7f710000 - 0x00007ffa7f739000 	E:\IDEA\IntelliJ IDEA 2020.1.3\jbr\bin\java.dll
0x00007ffa7f6d0000 - 0x00007ffa7f6e8000 	E:\IDEA\IntelliJ IDEA 2020.1.3\jbr\bin\zip.dll
0x00007ffad2290000 - 0x00007ffad229b000 	E:\IDEA\IntelliJ IDEA 2020.1.3\jbr\bin\jimage.dll

dbghelp: loaded successfully - version: 4.0.5 - missing functions: none
symbol engine: initialized successfully - sym options: 0x614 - pdb path: .;E:\IDEA\IntelliJ IDEA 2020.1.3\jbr\bin;C:\WINDOWS\SYSTEM32;C:\WINDOWS\WinSxS\amd64_microsoft.windows.common-controls_6595b64144ccf1df_6.0.18362.1016_none_9e7a36bbe461dae4;E:\IDEA\IntelliJ IDEA 2020.1.3\jbr\bin\server

VM Arguments:
java_command: org.jetbrains.git4idea.http.GitAskPassApp Username for 'https://github.com': 
java_class_path (initial): E:/IDEA/IntelliJ IDEA 2020.1.3/plugins/git4idea/lib/git4idea-rt.jar;E:/IDEA/IntelliJ IDEA 2020.1.3/lib/xmlrpc-2.0.1.jar;E:/IDEA/IntelliJ IDEA 2020.1.3/lib/commons-codec-1.14.jar;E:/IDEA/IntelliJ IDEA 2020.1.3/lib/util.jar
Launcher Type: SUN_STANDARD

[Global flags]
     intx CICompilerCount                          = 4                                         {product} {ergonomic}
     uint ConcGCThreads                            = 2                                         {product} {ergonomic}
     uint G1ConcRefinementThreads                  = 8                                         {product} {ergonomic}
   size_t G1HeapRegionSize                         = 1048576                                   {product} {ergonomic}
    uintx GCDrainStackTargetSize                   = 64                                        {product} {ergonomic}
   size_t InitialHeapSize                          = 134217728                                 {product} {ergonomic}
   size_t MarkStackSize                            = 4194304                                   {product} {ergonomic}
   size_t MaxHeapSize                              = 2116026368                                {product} {ergonomic}
   size_t MinHeapDeltaBytes                        = 1048576                                   {product} {ergonomic}
    uintx NonNMethodCodeHeapSize                   = 5836300                                {pd product} {ergonomic}
    uintx NonProfiledCodeHeapSize                  = 122910970                              {pd product} {ergonomic}
    uintx ProfiledCodeHeapSize                     = 122910970                              {pd product} {ergonomic}
    uintx ReservedCodeCacheSize                    = 251658240                              {pd product} {ergonomic}
     bool SegmentedCodeCache                       = true                                      {product} {ergonomic}
     bool UseCompressedClassPointers               = true                                 {lp64_product} {ergonomic}
     bool UseCompressedOops                        = true                                 {lp64_product} {ergonomic}
     bool UseG1GC                                  = true                                      {product} {ergonomic}
     bool UseLargePagesIndividualAllocation        = false                                  {pd product} {ergonomic}

Logging:
Log output configuration:
 #0: stdout all=warning uptime,level,tags
 #1: stderr all=off uptime,level,tags

Environment Variables:
JAVA_HOME=C:\Program Files\Java\jdk1.8.0_131
CLASSPATH=.;C:\Program Files\Java\jdk1.8.0_131\lib\dt.jar;C:\Program Files\Java\jdk1.8.0_131\lib\tools.jar; 
PATH=C:\Program Files\Git\mingw64\libexec\git-core;C:\Program Files\Git\mingw64\libexec\git-core;C:\Program Files\Git\mingw64\bin;C:\Program Files\Git\usr\bin;C:\Users\15863\bin;C:\ProgramData\Oracle\Java\javapath;C:\Program Files (x86)\Intel\Intel(R) Management Engine Components\iCLS;C:\Program Files\Intel\Intel(R) Management Engine Components\iCLS;C:\Windows\system32;C:\Windows;C:\Windows\System32\Wbem;C:\Windows\System32\WindowsPowerShell\v1.0;C:\Program Files (x86)\Intel\Intel(R) Management Engine Components\DAL;C:\Program Files\Intel\Intel(R) Management Engine Components\DAL;C:\Program Files (x86)\Intel\Intel(R) Management Engine Components\IPT;C:\Program Files\Intel\Intel(R) Management Engine Components\IPT;C:\Program Files (x86)\NVIDIA Corporation\PhysX\Common;C:\WINDOWS\system32;C:\WINDOWS;C:\WINDOWS\System32\Wbem;C:\WINDOWS\System32\WindowsPowerShell\v1.0;C:\WINDOWS\System32\OpenSSH;C:\Program Files\NVIDIA Corporation\NVIDIA NvDLISR;C:\Program Files\Java\jdk1.8.0_131\bin ;C:\Program Files\Git\cmd;C:\Users\15863\AppData\Local\Programs\Python\Python38\Scripts;C:\Users\15863\AppData\Local\Programs\Python\Python38;C:\Users\15863\AppData\Local\Microsoft\WindowsApps;E:\Program Files\Adobe;E:\Visual Studio Code\Microsoft VS Code\bin;E:\pycharm\PyCharm Edu 2019.3.2\bin
USERNAME=15863
DISPLAY=:0.0
OS=Windows_NT
PROCESSOR_IDENTIFIER=Intel64 Family 6 Model 158 Stepping 10, GenuineIntel



---------------  S Y S T E M  ---------------

OS: Windows 10 , 64 bit Build 18362 (10.0.18362.959)
OS uptime: 0 days 8:52 hours

CPU:total 8 (initial active 8) (4 cores per cpu, 2 threads per core) family 6 model 158 stepping 10, cmov, cx8, fxsr, mmx, sse, sse2, sse3, ssse3, sse4.1, sse4.2, popcnt, avx, avx2, aes, clmul, erms, 3dnowpref, lzcnt, ht, tsc, tscinvbit, bmi1, bmi2, adx, fma

Memory: 4k page, system-wide physical 8066M (1333M free)
TotalPageFile size 13066M (AvailPageFile size 3M)
current process WorkingSet (physical memory assigned to process): 12M, peak: 12M
current process commit charge ("private bytes"): 191M, peak: 191M

vm_info: OpenJDK 64-Bit Server VM (11.0.7+10-b765.64) for windows-amd64 JRE (11.0.7+10-b765.64), built on Jun 22 2020 14:48:21 by "" with MS VC++ 14.0 (VS2015)

END.
